Starting R matrix:
[[ -1  -1  -1  -1   0  -1]
 [ -1  -1  -1   0  -1 100]
 [ -1  -1  -1   0  -1  -1]
 [ -1   0   0  -1   0  -1]
 [ -1   0   0  -1  -1 100]
 [ -1   0  -1  -1   0 100]]
Learning parameter:
0.8
Trained Q matrix:
[[  0.    0.    0.    0.   80.    0. ]
 [  0.    0.    0.   64.    0.  100. ]
 [  0.    0.    0.   64.    0.    0. ]
 [  0.   80.   51.2   0.   80.    0. ]
 [  0.   80.   51.2   0.    0.  100. ]
 [  0.   80.    0.    0.   80.  100. ]]
Selected path:
[2, 3, 1, 5]
Starting R matrix:
[[ -1  -1  -1  -1   0  -1]
 [ -1  -1  -1   0  -1 100]
 [ -1  -1  -1   0  -1  -1]
 [ -1   0   0  -1   0  -1]
 [ -1   0   0  -1  -1 100]
 [ -1   0  -1  -1   0 100]]
Learning parameter:
0.8
Trained Q matrix:
[[  0.    0.    0.    0.   80.    0. ]
 [  0.    0.    0.   64.    0.  100. ]
 [  0.    0.    0.   64.    0.    0. ]
 [  0.   80.   51.2   0.   80.    0. ]
 [  0.   80.   51.2   0.    0.  100. ]
 [  0.   80.    0.    0.   80.  100. ]]
Selected path:
[2, 3, 4, 5]
Starting R matrix:
[[ -1  -1  -1  -1   0  -1]
 [ -1  -1  -1   0  -1 100]
 [ -1  -1  -1   0  -1  -1]
 [ -1   0   0  -1   0  -1]
 [ -1   0   0  -1  -1 100]
 [ -1   0  -1  -1   0 100]]
Learning parameter:
0.99
Trained Q matrix:
[[  0.           0.           0.           0.          99.
    0.        ]
 [  0.           0.           0.          98.01         0.
   99.97685555]
 [  0.           0.           0.          98.01         0.
    0.        ]
 [  0.          98.977087    97.0299       0.          99.
    0.        ]
 [  0.          98.977087    97.0299       0.           0.
  100.        ]
 [  0.          98.977087     0.           0.          98.99037718
   99.9967925 ]]
Selected path:
[2, 3, 4, 5]
Starting R matrix:
[[ -1  -1  -1  -1   0  -1]
 [ -1  -1  -1   0  -1 100]
 [ -1  -1  -1   0  -1  -1]
 [ -1   0   0  -1   0  -1]
 [ -1   0   0  -1  -1 100]
 [ -1   0  -1  -1   0 100]]
Learning parameter:
0.99
Trained Q matrix:
[[  0.           0.           0.           0.          99.
    0.        ]
 [  0.           0.           0.          98.01         0.
  100.        ]
 [  0.           0.           0.          98.01         0.
    0.        ]
 [  0.          99.          97.0299       0.          99.
    0.        ]
 [  0.          99.          97.0299       0.           0.
  100.        ]
 [  0.          99.           0.           0.          99.
   99.99638867]]
Selected path:
[2, 3, 1, 5]
Starting R matrix:
[[ -1  -1  -1  -1   0  -1]
 [ -1  -1  -1   0  -1 100]
 [ -1  -1  -1   0  -1  -1]
 [ -1   0   0  -1   0  -1]
 [ -1   0   0  -1  -1 100]
 [ -1   0  -1  -1   0 100]]
Learning parameter:
0.2
Trained Q matrix:
[[  0.    0.    0.    0.   20.    0. ]
 [  0.    0.    0.    4.    0.  100. ]
 [  0.    0.    0.    4.    0.    0. ]
 [  0.   20.    0.8   0.   20.    0. ]
 [  0.   20.    0.8   0.    0.  100. ]
 [  0.   20.    0.    0.   20.  100. ]]
Selected path:
[2, 3, 4, 5]
Starting R matrix:
[[ -1  -1  -1  -1   0  -1]
 [ -1  -1  -1   0  -1 100]
 [ -1  -1  -1   0  -1  -1]
 [ -1   0   0  -1   0  -1]
 [ -1   0   0  -1  -1 100]
 [ -1   0  -1  -1   0 100]]
Learning parameter:
0.2
Trained Q matrix:
[[  0.    0.    0.    0.   20.    0. ]
 [  0.    0.    0.    4.    0.  100. ]
 [  0.    0.    0.    4.    0.    0. ]
 [  0.   20.    0.8   0.   20.    0. ]
 [  0.   20.    0.8   0.    0.  100. ]
 [  0.   20.    0.    0.   20.  100. ]]
Selected path:
[2, 3, 1, 5]
Starting R matrix:
[[ -1  -1  -1  -1   0  -1]
 [ -1  -1  -1   0  -1 100]
 [ -1  -1  -1   0  -1  -1]
 [ -1   0   0  -1   0  -1]
 [ -1   0   0  -1  -1 100]
 [ -1   0  -1  -1   0 100]]
Learning parameter:
0.5
Trained Q matrix:
[[  0.    0.    0.    0.   50.    0. ]
 [  0.    0.    0.   25.    0.  100. ]
 [  0.    0.    0.   25.    0.    0. ]
 [  0.   50.   12.5   0.   50.    0. ]
 [  0.   50.   12.5   0.    0.  100. ]
 [  0.   50.    0.    0.   50.  100. ]]
Selected path:
[2, 3, 1, 5]
Starting R matrix:
[[ -1  -1  -1  -1   0  -1]
 [ -1  -1  -1   0  -1 100]
 [ -1  -1  -1   0  -1  -1]
 [ -1   0   0  -1   0  -1]
 [ -1   0   0  -1  -1 100]
 [ -1   0  -1  -1   0 100]]
Learning parameter:
0.5
Trained Q matrix:
[[  0.    0.    0.    0.   50.    0. ]
 [  0.    0.    0.   25.    0.  100. ]
 [  0.    0.    0.   25.    0.    0. ]
 [  0.   50.   12.5   0.   50.    0. ]
 [  0.   50.   12.5   0.    0.  100. ]
 [  0.   50.    0.    0.   50.  100. ]]
Selected path:
[2, 3, 4, 5]
Starting R matrix:
[[ -1  -1  -1  -1   0  -1]
 [ -1  -1  -1   0  -1 100]
 [ -1  -1  -1   0  -1  -1]
 [ -1   0   0  -1   0  -1]
 [ -1   0   0  -1  -1 100]
 [ -1   0  -1  -1   0 100]]
Learning parameter:
0.8
Trained Q matrix:
[[  0.    0.    0.    0.   80.    0. ]
 [  0.    0.    0.   64.    0.  100. ]
 [  0.    0.    0.   64.    0.    0. ]
 [  0.   80.   51.2   0.   80.    0. ]
 [  0.   80.   51.2   0.    0.  100. ]
 [  0.   80.    0.    0.   80.  100. ]]
Selected path:
[2, 3, 1, 5]
